<?xml version="1.0" encoding="UTF-8"?>
<testsuite name="com.kodilla.testing.forum.statistics.CalculateStatisticsTestSuite" tests="4" skipped="0" failures="0" errors="0" timestamp="2017-12-24T12:51:03" hostname="DominikDell" time="0.239">
  <properties/>
  <testcase name="testCalculateAdvStatistics100UserNames10Comments" classname="com.kodilla.testing.forum.statistics.CalculateStatisticsTestSuite" time="0.223"/>
  <testcase name="testCalculateAdvStatistics10UserNames" classname="com.kodilla.testing.forum.statistics.CalculateStatisticsTestSuite" time="0.0"/>
  <testcase name="testCalculateAdvStatisticsCaseAllZero" classname="com.kodilla.testing.forum.statistics.CalculateStatisticsTestSuite" time="0.016"/>
  <testcase name="testCalculateAdvStatistics1Post100UserNames10Comments" classname="com.kodilla.testing.forum.statistics.CalculateStatisticsTestSuite" time="0.0"/>
  <system-out><![CDATA[]]></system-out>
  <system-err><![CDATA[]]></system-err>
</testsuite>
